Using pre-set license
Built from '2020.2/staging' branch; Version is '2020.2.3f1 (8ff31bc5bf5b) revision 9433883'; Using compiler version '192528614'; Build Type 'Release'
OS: 'Windows 10 Pro; OS build 18363.1500; Version 1909; 64bit' Language: 'en' Physical Memory: 12169 MB
BatchMode: 1, IsHumanControllingUs: 0, StartBugReporterOnCrash: 0, Is64bit: 1, IsPro: 0

 COMMAND LINE ARGUMENTS:
D:\Unity\2020.2.3f1\Editor\Unity.exe
-adb2
-batchMode
-noUpm
-name
AssetImportWorker0
-projectPath
D:/ĐATN/MultiExp
-logFile
Logs/AssetImportWorker0.log
-srvPort
4311
Successfully changed project path to: D:/ĐATN/MultiExp
D:/ĐATN/MultiExp
Using Asset Import Pipeline V2.
Refreshing native plugins compatible for Editor in 29.67 ms, found 2 plugins.
Preloading 0 native plugins for Editor in 0.00 ms.
Initialize engine version: 2020.2.3f1 (8ff31bc5bf5b)
[Subsystems] Discovering subsystems at path D:/Unity/2020.2.3f1/Editor/Data/Resources/UnitySubsystems
[Subsystems] Discovering subsystems at path D:/ĐATN/MultiExp/Assets
GfxDevice: creating device client; threaded=0
Direct3D:
    Version:  Direct3D 11.0 [level 11.1]
    Renderer: Intel(R) UHD Graphics 620 (ID=0x5917)
    Vendor:   
    VRAM:     6084 MB
    Driver:   26.20.100.7263
Initialize mono
Mono path[0] = 'D:/Unity/2020.2.3f1/Editor/Data/Managed'
Mono path[1] = 'D:/Unity/2020.2.3f1/Editor/Data/MonoBleedingEdge/lib/mono/unityjit'
Mono config path = 'D:/Unity/2020.2.3f1/Editor/Data/MonoBleedingEdge/etc'
Using monoOptions --debugger-agent=transport=dt_socket,embedding=1,server=y,suspend=n,address=127.0.0.1:56204
Begin MonoManager ReloadAssembly
Registering precompiled unity dll's ...
Register platform support module: D:/Unity/2020.2.3f1/Editor/Data/PlaybackEngines/WindowsStandaloneSupport/UnityEditor.WindowsStandalone.Extensions.dll
Registered in 0.002433 seconds.
Native extension for WindowsStandalone target not found
Refreshing native plugins compatible for Editor in 26.57 ms, found 2 plugins.
Preloading 0 native plugins for Editor in 0.00 ms.
Invoked RoslynAnalysisRunner static constructor.
RoslynAnalysisRunner will not be running.
RoslynAnalysisRunner has terminated.
Mono: successfully reloaded assembly
- Completed reload, in  1.717 seconds
Platform modules already initialized, skipping
Registering precompiled user dll's ...
Registered in 0.001908 seconds.
Begin MonoManager ReloadAssembly
Native extension for WindowsStandalone target not found
Refreshing native plugins compatible for Editor in 0.38 ms, found 2 plugins.
Preloading 0 native plugins for Editor in 0.00 ms.
Invoked RoslynAnalysisRunner static constructor.
RoslynAnalysisRunner will not be running.
RoslynAnalysisRunner has terminated.
Mono: successfully reloaded assembly
- Completed reload, in  2.420 seconds
Platform modules already initialized, skipping
========================================================================
Worker process is ready to serve import requests
Launched and connected shader compiler UnityShaderCompiler.exe after 0.06 seconds
Refreshing native plugins compatible for Editor in 0.35 ms, found 2 plugins.
Preloading 0 native plugins for Editor in 0.00 ms.
Unloading 1233 Unused Serialized files (Serialized files now loaded: 0)
System memory in use before: 60.4 MB.
System memory in use after: 60.5 MB.

Unloading 25 unused Assets to reduce memory usage. Loaded Objects now: 1664.
Total: 2.216500 ms (FindLiveObjects: 0.242400 ms CreateObjectMapping: 0.067400 ms MarkObjects: 1.824500 ms  DeleteObjects: 0.080400 ms)

========================================================================
Received Import Request.
  path: Assets/GoogleARCore/Examples/Common/Roboto-Regular.ttf
  artifactKey: Guid(f66655b38428d40769e9e41ee237cbdc) Importer(815301076,1909f56bfc062723c751e8b465ee728b)
Start importing Assets/GoogleARCore/Examples/Common/Roboto-Regular.ttf using Guid(f66655b38428d40769e9e41ee237cbdc) Importer(815301076,1909f56bfc062723c751e8b465ee728b)  -> (artifact id: '44f067b268a2783b02054c5ca7fce664') in 0.172759 seconds
  Import took 0.175168 seconds .

========================================================================
Received Import Request.
  Time since last request: 0.001058 seconds.
  path: Assets/GoogleARCore/Examples/Common/Materials/PlaneGrid.mat
  artifactKey: Guid(92b1ca249edc047509db2c7bc05789ef) Importer(815301076,1909f56bfc062723c751e8b465ee728b)
Start importing Assets/GoogleARCore/Examples/Common/Materials/PlaneGrid.mat using Guid(92b1ca249edc047509db2c7bc05789ef) Importer(815301076,1909f56bfc062723c751e8b465ee728b)  -> (artifact id: 'c368cc88aefb42a54b5db22aace67a02') in 0.355094 seconds
  Import took 0.358834 seconds .

========================================================================
Received Import Request.
  Time since last request: 0.000387 seconds.
  path: Assets/GoogleARCore/Examples/Common/Materials/PointCloud.mat
  artifactKey: Guid(fb4fbd1b92e244df2bc6f43deb7a57a2) Importer(815301076,1909f56bfc062723c751e8b465ee728b)
Start importing Assets/GoogleARCore/Examples/Common/Materials/PointCloud.mat using Guid(fb4fbd1b92e244df2bc6f43deb7a57a2) Importer(815301076,1909f56bfc062723c751e8b465ee728b)  -> (artifact id: 'da9e497a823aeabdcc9c72857ec979f8') in 0.075547 seconds
  Import took 0.079970 seconds .

========================================================================
Received Import Request.
  Time since last request: 0.012334 seconds.
  path: Assets/GoogleARCore/Examples/Common/Materials/PointCloud.mat
  artifactKey: Guid(fb4fbd1b92e244df2bc6f43deb7a57a2) Importer(815301076,1909f56bfc062723c751e8b465ee728b)
Start importing Assets/GoogleARCore/Examples/Common/Materials/PointCloud.mat using Guid(fb4fbd1b92e244df2bc6f43deb7a57a2) Importer(815301076,1909f56bfc062723c751e8b465ee728b)  -> (artifact id: 'da9e497a823aeabdcc9c72857ec979f8') in 0.024885 seconds
  Import took 0.032794 seconds .

